2023-09-12 23:23:46,977 - playerVermelho - INFO - doig step for game turn 1 - round 1 - Current phase 1
2023-09-12 23:23:46,979 - playerVermelho - INFO - Fortificar aleatoriamente: 
2023-09-12 23:23:46,979 - playerVermelho - INFO - Fortificar aleatoriamente: 
2023-09-12 23:23:46,979 - playerVermelho - INFO - random fortify player VERMELHO (1) - reserve 3
2023-09-12 23:23:46,980 - playerVermelho - INFO - player VERMELHO (1) has no continent reserve
2023-09-12 23:23:46,980 - playerVermelho - INFO - Reserva: 3 - Territorio: Territory.OTTAWA - Fortificar: 1
2023-09-12 23:23:46,980 - playerVermelho - INFO - Reserva: 2 - Territorio: Territory.ALEMANHA - Fortificar: 1
2023-09-12 23:23:46,981 - playerVermelho - INFO - Reserva: 1 - Territorio: Territory.CONGO - Fortificar: 1
2023-09-12 23:23:46,981 - playerVermelho - INFO - performance perform_fortify 2.0 ms
2023-09-12 23:23:46,982 - playerVermelho - INFO - performing action vector len 47
2023-09-12 23:23:46,985 - playerVermelho - INFO - retorno perform_action_vector None
2023-09-12 23:23:55,981 - playerVermelho - INFO - doig step for game turn 7 - round 1 - Current phase 1
2023-09-12 23:23:55,982 - playerVermelho - INFO - Fortificar aleatoriamente: 
2023-09-12 23:23:55,984 - playerVermelho - INFO - Fortificar aleatoriamente: 
2023-09-12 23:23:55,984 - playerVermelho - INFO - random fortify player VERMELHO (1) - reserve 3
2023-09-12 23:23:55,985 - playerVermelho - INFO - player VERMELHO (1) has no continent reserve
2023-09-12 23:23:55,985 - playerVermelho - INFO - Reserva: 3 - Territorio: Territory.AFRICA_DO_SUL - Fortificar: 1
2023-09-12 23:23:55,985 - playerVermelho - INFO - Reserva: 2 - Territorio: Territory.FRANCA - Fortificar: 1
2023-09-12 23:23:55,986 - playerVermelho - INFO - Reserva: 1 - Territorio: Territory.VANCOUVER - Fortificar: 1
2023-09-12 23:23:55,986 - playerVermelho - INFO - performance perform_fortify 2.0 ms
2023-09-12 23:23:55,986 - playerVermelho - INFO - performing action vector len 47
2023-09-12 23:23:55,992 - playerVermelho - INFO - retorno perform_action_vector None
2023-09-12 23:24:00,657 - playerVermelho - INFO - doig step for game turn 8 - round 1 - Current phase 2
2023-09-12 23:24:00,658 - playerVermelho - INFO - Atacar aleatoriamente: 
2023-09-12 23:24:00,659 - playerVermelho - DEBUG - perform random chances: 

2023-09-12 23:24:00,660 - playerVermelho - DEBUG - 	 -> attack_only_full_dices: 0.16890279045171808 < 0.1 = False 

2023-09-12 23:24:00,660 - playerVermelho - DEBUG - 	 -> pass_phase_chance: 0.6207954940874703 < 0.0 = False 

2023-09-12 23:24:00,660 - playerVermelho - DEBUG - Territory.OTTAWA -> army: 2
2023-09-12 23:24:00,660 - playerVermelho - DEBUG - 	 Territory.NEW_YORK -> 2
2023-09-12 23:24:00,660 - playerVermelho - DEBUG - 	 Territory.CALIFORNIA -> 1
2023-09-12 23:24:00,660 - playerVermelho - DEBUG - 	 Territory.LABRADOR -> 2
2023-09-12 23:24:00,660 - playerVermelho - DEBUG - 	 Territory.MACKENZIE -> 1
2023-09-12 23:24:00,661 - playerVermelho - DEBUG - Territory.ALEMANHA -> army: 2
2023-09-12 23:24:00,661 - playerVermelho - DEBUG - 	 Territory.INGLATERRA -> 1
2023-09-12 23:24:00,661 - playerVermelho - DEBUG - 	 Territory.POLONIA -> 1
2023-09-12 23:24:00,661 - playerVermelho - DEBUG - Territory.CONGO -> army: 2
2023-09-12 23:24:00,661 - playerVermelho - DEBUG - 	 Territory.ARGELIA -> 1
2023-09-12 23:24:00,661 - playerVermelho - DEBUG - 	 Territory.SUDAO -> 4
2023-09-12 23:24:00,661 - playerVermelho - DEBUG - Territory.AFRICA_DO_SUL -> army: 2
2023-09-12 23:24:00,661 - playerVermelho - DEBUG - 	 Territory.SUDAO -> 4
2023-09-12 23:24:00,661 - playerVermelho - DEBUG - 	 Territory.MADAGASCAR -> 2
2023-09-12 23:24:00,662 - playerVermelho - DEBUG - Territory.FRANCA -> army: 2
2023-09-12 23:24:00,662 - playerVermelho - DEBUG - 	 Territory.INGLATERRA -> 1
2023-09-12 23:24:00,662 - playerVermelho - DEBUG - 	 Territory.POLONIA -> 1
2023-09-12 23:24:00,662 - playerVermelho - DEBUG - 	 Territory.ARGELIA -> 1
2023-09-12 23:24:00,662 - playerVermelho - DEBUG - 	 Territory.EGITO -> 1
2023-09-12 23:24:00,662 - playerVermelho - DEBUG - Territory.VANCOUVER -> army: 2
2023-09-12 23:24:00,662 - playerVermelho - DEBUG - 	 Territory.MACKENZIE -> 1
2023-09-12 23:24:00,662 - playerVermelho - DEBUG - 	 Territory.ALASKA -> 2
2023-09-12 23:24:00,662 - playerVermelho - DEBUG - 	 Territory.CALIFORNIA -> 1
2023-09-12 23:24:00,663 - playerVermelho - DEBUG - Territory.NOVA_GUINE -> army: 1
2023-09-12 23:24:00,663 - playerVermelho - INFO - pass phase false 
2023-09-12 23:24:00,663 - playerVermelho - DEBUG - #### DUMB ATTACK ####
2023-09-12 23:24:00,663 - playerVermelho - INFO - 
DUMB ATTACK attack_ter: Territory.AFRICA_DO_SUL - defense_ter: Territory.SUDAO
2023-09-12 23:24:00,663 - playerVermelho - INFO - attack_ter: Territory.AFRICA_DO_SUL - defense_ter: Territory.SUDAO
2023-09-12 23:24:00,664 - playerVermelho - INFO - performance perform_attack 4.6 ms
2023-09-12 23:24:00,664 - playerVermelho - INFO - performing action vector len 47
2023-09-12 23:24:00,667 - playerVermelho - INFO - retorno perform_action_vector True
2023-09-12 23:24:01,379 - playerVermelho - INFO - doig step for game turn 8 - round 1 - Current phase 2
2023-09-12 23:24:01,380 - playerVermelho - INFO - Atacar aleatoriamente: 
2023-09-12 23:24:01,382 - playerVermelho - DEBUG - perform random chances: 

2023-09-12 23:24:01,382 - playerVermelho - DEBUG - 	 -> attack_only_full_dices: 0.7772641971547933 < 0.1 = False 

2023-09-12 23:24:01,382 - playerVermelho - DEBUG - 	 -> pass_phase_chance: 0.9005245432174772 < 0.0 = False 

2023-09-12 23:24:01,382 - playerVermelho - DEBUG - Territory.OTTAWA -> army: 2
2023-09-12 23:24:01,382 - playerVermelho - DEBUG - 	 Territory.NEW_YORK -> 2
2023-09-12 23:24:01,382 - playerVermelho - DEBUG - 	 Territory.CALIFORNIA -> 1
2023-09-12 23:24:01,382 - playerVermelho - DEBUG - 	 Territory.LABRADOR -> 2
2023-09-12 23:24:01,383 - playerVermelho - DEBUG - 	 Territory.MACKENZIE -> 1
2023-09-12 23:24:01,383 - playerVermelho - DEBUG - Territory.ALEMANHA -> army: 2
2023-09-12 23:24:01,383 - playerVermelho - DEBUG - 	 Territory.INGLATERRA -> 1
2023-09-12 23:24:01,383 - playerVermelho - DEBUG - 	 Territory.POLONIA -> 1
2023-09-12 23:24:01,383 - playerVermelho - DEBUG - Territory.CONGO -> army: 2
2023-09-12 23:24:01,383 - playerVermelho - DEBUG - 	 Territory.ARGELIA -> 1
2023-09-12 23:24:01,383 - playerVermelho - DEBUG - 	 Territory.SUDAO -> 4
2023-09-12 23:24:01,383 - playerVermelho - DEBUG - Territory.AFRICA_DO_SUL -> army: 1
2023-09-12 23:24:01,383 - playerVermelho - DEBUG - Territory.FRANCA -> army: 2
2023-09-12 23:24:01,384 - playerVermelho - DEBUG - 	 Territory.INGLATERRA -> 1
2023-09-12 23:24:01,384 - playerVermelho - DEBUG - 	 Territory.POLONIA -> 1
2023-09-12 23:24:01,384 - playerVermelho - DEBUG - 	 Territory.ARGELIA -> 1
2023-09-12 23:24:01,384 - playerVermelho - DEBUG - 	 Territory.EGITO -> 1
2023-09-12 23:24:01,384 - playerVermelho - DEBUG - Territory.VANCOUVER -> army: 2
2023-09-12 23:24:01,384 - playerVermelho - DEBUG - 	 Territory.MACKENZIE -> 1
2023-09-12 23:24:01,384 - playerVermelho - DEBUG - 	 Territory.ALASKA -> 2
2023-09-12 23:24:01,384 - playerVermelho - DEBUG - 	 Territory.CALIFORNIA -> 1
2023-09-12 23:24:01,385 - playerVermelho - DEBUG - Territory.NOVA_GUINE -> army: 1
2023-09-12 23:24:01,385 - playerVermelho - INFO - pass phase false 
2023-09-12 23:24:01,385 - playerVermelho - DEBUG - #### DUMB ATTACK ####
2023-09-12 23:24:01,385 - playerVermelho - INFO - 
DUMB ATTACK attack_ter: Territory.CONGO - defense_ter: Territory.SUDAO
2023-09-12 23:24:01,385 - playerVermelho - INFO - attack_ter: Territory.CONGO - defense_ter: Territory.SUDAO
2023-09-12 23:24:01,387 - playerVermelho - INFO - performance perform_attack 5.0 ms
2023-09-12 23:24:01,387 - playerVermelho - INFO - performing action vector len 47
2023-09-12 23:24:01,392 - playerVermelho - INFO - retorno perform_action_vector True
2023-09-12 23:24:01,946 - playerVermelho - INFO - doig step for game turn 8 - round 1 - Current phase 2
2023-09-12 23:24:01,947 - playerVermelho - INFO - Atacar aleatoriamente: 
2023-09-12 23:24:01,949 - playerVermelho - DEBUG - perform random chances: 

2023-09-12 23:24:01,949 - playerVermelho - DEBUG - 	 -> attack_only_full_dices: 0.9328398179545445 < 0.1 = False 

2023-09-12 23:24:01,949 - playerVermelho - DEBUG - 	 -> pass_phase_chance: 0.7581919636707448 < 0.0 = False 

2023-09-12 23:24:01,949 - playerVermelho - DEBUG - Territory.OTTAWA -> army: 2
2023-09-12 23:24:01,949 - playerVermelho - DEBUG - 	 Territory.NEW_YORK -> 2
2023-09-12 23:24:01,949 - playerVermelho - DEBUG - 	 Territory.CALIFORNIA -> 1
2023-09-12 23:24:01,950 - playerVermelho - DEBUG - 	 Territory.LABRADOR -> 2
2023-09-12 23:24:01,950 - playerVermelho - DEBUG - 	 Territory.MACKENZIE -> 1
2023-09-12 23:24:01,950 - playerVermelho - DEBUG - Territory.ALEMANHA -> army: 2
2023-09-12 23:24:01,950 - playerVermelho - DEBUG - 	 Territory.INGLATERRA -> 1
2023-09-12 23:24:01,950 - playerVermelho - DEBUG - 	 Territory.POLONIA -> 1
2023-09-12 23:24:01,950 - playerVermelho - DEBUG - Territory.CONGO -> army: 1
2023-09-12 23:24:01,950 - playerVermelho - DEBUG - Territory.AFRICA_DO_SUL -> army: 1
2023-09-12 23:24:01,951 - playerVermelho - DEBUG - Territory.FRANCA -> army: 2
2023-09-12 23:24:01,951 - playerVermelho - DEBUG - 	 Territory.INGLATERRA -> 1
2023-09-12 23:24:01,951 - playerVermelho - DEBUG - 	 Territory.POLONIA -> 1
2023-09-12 23:24:01,951 - playerVermelho - DEBUG - 	 Territory.ARGELIA -> 1
2023-09-12 23:24:01,951 - playerVermelho - DEBUG - 	 Territory.EGITO -> 1
2023-09-12 23:24:01,951 - playerVermelho - DEBUG - Territory.VANCOUVER -> army: 2
2023-09-12 23:24:01,951 - playerVermelho - DEBUG - 	 Territory.MACKENZIE -> 1
2023-09-12 23:24:01,951 - playerVermelho - DEBUG - 	 Territory.ALASKA -> 2
2023-09-12 23:24:01,952 - playerVermelho - DEBUG - 	 Territory.CALIFORNIA -> 1
2023-09-12 23:24:01,952 - playerVermelho - DEBUG - Territory.NOVA_GUINE -> army: 1
2023-09-12 23:24:01,952 - playerVermelho - INFO - pass phase false 
2023-09-12 23:24:01,952 - playerVermelho - DEBUG - #### DUMB ATTACK ####
2023-09-12 23:24:01,952 - playerVermelho - INFO - 
DUMB ATTACK attack_ter: Territory.VANCOUVER - defense_ter: Territory.ALASKA
2023-09-12 23:24:01,952 - playerVermelho - INFO - attack_ter: Territory.VANCOUVER - defense_ter: Territory.ALASKA
2023-09-12 23:24:01,954 - playerVermelho - INFO - performance perform_attack 5.0 ms
2023-09-12 23:24:01,955 - playerVermelho - INFO - performing action vector len 47
2023-09-12 23:24:01,960 - playerVermelho - INFO - retorno perform_action_vector True
2023-09-12 23:24:02,350 - playerVermelho - INFO - doig step for game turn 8 - round 1 - Current phase 2
2023-09-12 23:24:02,353 - playerVermelho - INFO - Atacar aleatoriamente: 
2023-09-12 23:24:02,353 - playerVermelho - DEBUG - perform random chances: 

2023-09-12 23:24:02,353 - playerVermelho - DEBUG - 	 -> attack_only_full_dices: 0.3618798261934961 < 0.1 = False 

2023-09-12 23:24:02,354 - playerVermelho - DEBUG - 	 -> pass_phase_chance: 0.9217045170924775 < 0.0 = False 

2023-09-12 23:24:02,354 - playerVermelho - DEBUG - Territory.OTTAWA -> army: 2
2023-09-12 23:24:02,354 - playerVermelho - DEBUG - 	 Territory.NEW_YORK -> 2
2023-09-12 23:24:02,354 - playerVermelho - DEBUG - 	 Territory.CALIFORNIA -> 1
2023-09-12 23:24:02,354 - playerVermelho - DEBUG - 	 Territory.LABRADOR -> 2
2023-09-12 23:24:02,354 - playerVermelho - DEBUG - 	 Territory.MACKENZIE -> 1
2023-09-12 23:24:02,354 - playerVermelho - DEBUG - Territory.ALEMANHA -> army: 2
2023-09-12 23:24:02,354 - playerVermelho - DEBUG - 	 Territory.INGLATERRA -> 1
2023-09-12 23:24:02,355 - playerVermelho - DEBUG - 	 Territory.POLONIA -> 1
2023-09-12 23:24:02,355 - playerVermelho - DEBUG - Territory.CONGO -> army: 1
2023-09-12 23:24:02,355 - playerVermelho - DEBUG - Territory.AFRICA_DO_SUL -> army: 1
2023-09-12 23:24:02,355 - playerVermelho - DEBUG - Territory.FRANCA -> army: 2
2023-09-12 23:24:02,355 - playerVermelho - DEBUG - 	 Territory.INGLATERRA -> 1
2023-09-12 23:24:02,355 - playerVermelho - DEBUG - 	 Territory.POLONIA -> 1
2023-09-12 23:24:02,355 - playerVermelho - DEBUG - 	 Territory.ARGELIA -> 1
2023-09-12 23:24:02,355 - playerVermelho - DEBUG - 	 Territory.EGITO -> 1
2023-09-12 23:24:02,355 - playerVermelho - DEBUG - Territory.VANCOUVER -> army: 1
2023-09-12 23:24:02,356 - playerVermelho - DEBUG - Territory.NOVA_GUINE -> army: 1
2023-09-12 23:24:02,356 - playerVermelho - INFO - pass phase false 
2023-09-12 23:24:02,356 - playerVermelho - DEBUG - #### DUMB ATTACK ####
2023-09-12 23:24:02,356 - playerVermelho - INFO - 
DUMB ATTACK attack_ter: Territory.OTTAWA - defense_ter: Territory.NEW_YORK
2023-09-12 23:24:02,356 - playerVermelho - INFO - attack_ter: Territory.OTTAWA - defense_ter: Territory.NEW_YORK
2023-09-12 23:24:02,357 - playerVermelho - INFO - performance perform_attack 3.5 ms
2023-09-12 23:24:02,358 - playerVermelho - INFO - performing action vector len 47
2023-09-12 23:24:02,362 - playerVermelho - INFO - retorno perform_action_vector True
2023-09-12 23:24:02,805 - playerVermelho - INFO - doig step for game turn 8 - round 1 - Current phase 2
2023-09-12 23:24:02,806 - playerVermelho - INFO - Atacar aleatoriamente: 
2023-09-12 23:24:02,807 - playerVermelho - DEBUG - perform random chances: 

2023-09-12 23:24:02,807 - playerVermelho - DEBUG - 	 -> attack_only_full_dices: 0.8901889868535254 < 0.1 = False 

2023-09-12 23:24:02,808 - playerVermelho - DEBUG - 	 -> pass_phase_chance: 0.07716414444323705 < 0.0 = False 

2023-09-12 23:24:02,808 - playerVermelho - DEBUG - Territory.OTTAWA -> army: 1
2023-09-12 23:24:02,808 - playerVermelho - DEBUG - Territory.ALEMANHA -> army: 2
2023-09-12 23:24:02,808 - playerVermelho - DEBUG - 	 Territory.INGLATERRA -> 1
2023-09-12 23:24:02,808 - playerVermelho - DEBUG - 	 Territory.POLONIA -> 1
2023-09-12 23:24:02,808 - playerVermelho - DEBUG - Territory.CONGO -> army: 1
2023-09-12 23:24:02,808 - playerVermelho - DEBUG - Territory.AFRICA_DO_SUL -> army: 1
2023-09-12 23:24:02,808 - playerVermelho - DEBUG - Territory.FRANCA -> army: 2
2023-09-12 23:24:02,809 - playerVermelho - DEBUG - 	 Territory.INGLATERRA -> 1
2023-09-12 23:24:02,809 - playerVermelho - DEBUG - 	 Territory.POLONIA -> 1
2023-09-12 23:24:02,809 - playerVermelho - DEBUG - 	 Territory.ARGELIA -> 1
2023-09-12 23:24:02,809 - playerVermelho - DEBUG - 	 Territory.EGITO -> 1
2023-09-12 23:24:02,809 - playerVermelho - DEBUG - Territory.VANCOUVER -> army: 1
2023-09-12 23:24:02,809 - playerVermelho - DEBUG - Territory.NOVA_GUINE -> army: 1
2023-09-12 23:24:02,809 - playerVermelho - INFO - pass phase false 
2023-09-12 23:24:02,809 - playerVermelho - DEBUG - #### DUMB ATTACK ####
2023-09-12 23:24:02,810 - playerVermelho - INFO - 
DUMB ATTACK attack_ter: Territory.FRANCA - defense_ter: Territory.INGLATERRA
2023-09-12 23:24:02,810 - playerVermelho - INFO - attack_ter: Territory.FRANCA - defense_ter: Territory.INGLATERRA
2023-09-12 23:24:02,810 - playerVermelho - INFO - performance perform_attack 3.0 ms
2023-09-12 23:24:02,811 - playerVermelho - INFO - performing action vector len 47
2023-09-12 23:24:02,816 - playerVermelho - INFO - retorno perform_action_vector True
2023-09-12 23:24:03,375 - playerVermelho - INFO - doig step for game turn 8 - round 1 - Current phase 2
2023-09-12 23:24:03,376 - playerVermelho - INFO - Atacar aleatoriamente: 
2023-09-12 23:24:03,378 - playerVermelho - DEBUG - perform random chances: 

2023-09-12 23:24:03,378 - playerVermelho - DEBUG - 	 -> attack_only_full_dices: 0.7221066700459624 < 0.1 = False 

2023-09-12 23:24:03,378 - playerVermelho - DEBUG - 	 -> pass_phase_chance: 0.11014099409961009 < 0.0 = False 

2023-09-12 23:24:03,378 - playerVermelho - DEBUG - Territory.OTTAWA -> army: 1
2023-09-12 23:24:03,378 - playerVermelho - DEBUG - Territory.ALEMANHA -> army: 2
2023-09-12 23:24:03,379 - playerVermelho - DEBUG - 	 Territory.POLONIA -> 1
2023-09-12 23:24:03,379 - playerVermelho - DEBUG - Territory.CONGO -> army: 1
2023-09-12 23:24:03,379 - playerVermelho - DEBUG - Territory.AFRICA_DO_SUL -> army: 1
2023-09-12 23:24:03,379 - playerVermelho - DEBUG - Territory.FRANCA -> army: 1
2023-09-12 23:24:03,379 - playerVermelho - DEBUG - Territory.VANCOUVER -> army: 1
2023-09-12 23:24:03,379 - playerVermelho - DEBUG - Territory.NOVA_GUINE -> army: 1
2023-09-12 23:24:03,379 - playerVermelho - DEBUG - Territory.INGLATERRA -> army: 1
2023-09-12 23:24:03,379 - playerVermelho - INFO - pass phase false 
2023-09-12 23:24:03,380 - playerVermelho - DEBUG - #### DUMB ATTACK ####
2023-09-12 23:24:03,380 - playerVermelho - INFO - 
DUMB ATTACK attack_ter: Territory.ALEMANHA - defense_ter: Territory.POLONIA
2023-09-12 23:24:03,380 - playerVermelho - INFO - attack_ter: Territory.ALEMANHA - defense_ter: Territory.POLONIA
2023-09-12 23:24:03,381 - playerVermelho - INFO - performance perform_attack 3.0 ms
2023-09-12 23:24:03,381 - playerVermelho - INFO - performing action vector len 47
2023-09-12 23:24:03,384 - playerVermelho - INFO - retorno perform_action_vector True
2023-09-12 23:24:04,026 - playerVermelho - INFO - doig step for game turn 8 - round 1 - Current phase 2
2023-09-12 23:24:04,027 - playerVermelho - INFO - Atacar aleatoriamente: 
2023-09-12 23:24:04,028 - playerVermelho - DEBUG - perform random chances: 

2023-09-12 23:24:04,029 - playerVermelho - DEBUG - 	 -> attack_only_full_dices: 0.03033062490873417 < 0.1 = True 

2023-09-12 23:24:04,029 - playerVermelho - DEBUG - 	 -> pass_phase_chance: 0.228555515746926 < 0.0 = False 

2023-09-12 23:24:04,029 - playerVermelho - DEBUG - Territory.OTTAWA -> army: 1
2023-09-12 23:24:04,029 - playerVermelho - DEBUG - Territory.ALEMANHA -> army: 1
2023-09-12 23:24:04,030 - playerVermelho - DEBUG - Territory.CONGO -> army: 1
2023-09-12 23:24:04,030 - playerVermelho - DEBUG - Territory.AFRICA_DO_SUL -> army: 1
2023-09-12 23:24:04,030 - playerVermelho - DEBUG - Territory.FRANCA -> army: 1
2023-09-12 23:24:04,030 - playerVermelho - DEBUG - Territory.VANCOUVER -> army: 1
2023-09-12 23:24:04,030 - playerVermelho - DEBUG - Territory.NOVA_GUINE -> army: 1
2023-09-12 23:24:04,030 - playerVermelho - DEBUG - Territory.INGLATERRA -> army: 1
2023-09-12 23:24:04,030 - playerVermelho - INFO - No attack possible
2023-09-12 23:24:04,031 - playerVermelho - INFO - performing action vector len 47
2023-09-12 23:24:04,033 - playerVermelho - INFO - retorno perform_action_vector True
2023-09-12 23:25:16,050 - playerVermelho - INFO - doig step for game turn 4 - round 1 - Current phase 1
2023-09-12 23:25:16,052 - playerVermelho - INFO - Fortificar aleatoriamente: 
2023-09-12 23:25:16,052 - playerVermelho - INFO - Fortificar aleatoriamente: 
2023-09-12 23:25:16,052 - playerVermelho - INFO - random fortify player VERMELHO (1) - reserve 3
2023-09-12 23:25:16,053 - playerVermelho - INFO - player VERMELHO (1) has no continent reserve
2023-09-12 23:25:16,053 - playerVermelho - INFO - Reserva: 3 - Territorio: Territory.FRANCA - Fortificar: 1
2023-09-12 23:25:16,053 - playerVermelho - INFO - Reserva: 2 - Territorio: Territory.OTTAWA - Fortificar: 1
2023-09-12 23:25:16,053 - playerVermelho - INFO - Reserva: 1 - Territorio: Territory.ALASKA - Fortificar: 1
2023-09-12 23:25:16,054 - playerVermelho - INFO - performance perform_fortify 2.0 ms
2023-09-12 23:25:16,054 - playerVermelho - INFO - performing action vector len 47
2023-09-12 23:25:16,056 - playerVermelho - INFO - retorno perform_action_vector None
