2023-09-12 23:23:51,014 - playerAmarelo - INFO - doig step for game turn 4 - round 1 - Current phase 1
2023-09-12 23:23:51,016 - playerAmarelo - INFO - Fortificar aleatoriamente: 
2023-09-12 23:23:51,017 - playerAmarelo - INFO - Fortificar aleatoriamente: 
2023-09-12 23:23:51,017 - playerAmarelo - INFO - random fortify player AMARELO (4) - reserve 3
2023-09-12 23:23:51,017 - playerAmarelo - INFO - player AMARELO (4) has no continent reserve
2023-09-12 23:23:51,018 - playerAmarelo - INFO - Reserva: 3 - Territorio: Territory.BRASIL - Fortificar: 1
2023-09-12 23:23:51,018 - playerAmarelo - INFO - Reserva: 2 - Territorio: Territory.ARGENTINA - Fortificar: 1
2023-09-12 23:23:51,018 - playerAmarelo - INFO - Reserva: 1 - Territorio: Territory.JAPAO - Fortificar: 1
2023-09-12 23:23:51,019 - playerAmarelo - INFO - performance perform_fortify 2.0 ms
2023-09-12 23:23:51,019 - playerAmarelo - INFO - performing action vector len 47
2023-09-12 23:23:51,021 - playerAmarelo - INFO - retorno perform_action_vector None
2023-09-12 23:25:13,306 - playerAmarelo - INFO - doig step for game turn 1 - round 1 - Current phase 1
2023-09-12 23:25:13,307 - playerAmarelo - INFO - Fortificar aleatoriamente: 
2023-09-12 23:25:13,307 - playerAmarelo - INFO - Fortificar aleatoriamente: 
2023-09-12 23:25:13,308 - playerAmarelo - INFO - random fortify player AMARELO (4) - reserve 3
2023-09-12 23:25:13,308 - playerAmarelo - INFO - player AMARELO (4) has no continent reserve
2023-09-12 23:25:13,308 - playerAmarelo - INFO - Reserva: 3 - Territorio: Territory.ARGENTINA - Fortificar: 1
2023-09-12 23:25:13,308 - playerAmarelo - INFO - Reserva: 2 - Territorio: Territory.MACKENZIE - Fortificar: 1
2023-09-12 23:25:13,309 - playerAmarelo - INFO - Reserva: 1 - Territorio: Territory.ARAL - Fortificar: 1
2023-09-12 23:25:13,309 - playerAmarelo - INFO - performance perform_fortify 1.5 ms
2023-09-12 23:25:13,309 - playerAmarelo - INFO - performing action vector len 47
2023-09-12 23:25:13,312 - playerAmarelo - INFO - retorno perform_action_vector None
2023-09-12 23:25:17,718 - playerAmarelo - INFO - doig step for game turn 7 - round 1 - Current phase 1
2023-09-12 23:25:17,719 - playerAmarelo - INFO - Fortificar aleatoriamente: 
2023-09-12 23:25:17,719 - playerAmarelo - INFO - Fortificar aleatoriamente: 
2023-09-12 23:25:17,719 - playerAmarelo - INFO - random fortify player AMARELO (4) - reserve 3
2023-09-12 23:25:17,719 - playerAmarelo - INFO - player AMARELO (4) has no continent reserve
2023-09-12 23:25:17,720 - playerAmarelo - INFO - Reserva: 3 - Territorio: Territory.PERU - Fortificar: 1
2023-09-12 23:25:17,720 - playerAmarelo - INFO - Reserva: 2 - Territorio: Territory.NOVA_GUINE - Fortificar: 1
2023-09-12 23:25:17,720 - playerAmarelo - INFO - Reserva: 1 - Territorio: Territory.LABRADOR - Fortificar: 1
2023-09-12 23:25:17,720 - playerAmarelo - INFO - performance perform_fortify 1.5 ms
2023-09-12 23:25:17,721 - playerAmarelo - INFO - performing action vector len 47
2023-09-12 23:25:17,723 - playerAmarelo - INFO - retorno perform_action_vector None
