2023-09-12 23:23:54,714 - playerCinza - INFO - doig step for game turn 5 - round 1 - Current phase 1
2023-09-12 23:23:54,717 - playerCinza - INFO - Fortificar aleatoriamente: 
2023-09-12 23:23:54,717 - playerCinza - INFO - Fortificar aleatoriamente: 
2023-09-12 23:23:54,718 - playerCinza - INFO - random fortify player CINZA (5) - reserve 3
2023-09-12 23:23:54,718 - playerCinza - INFO - player CINZA (5) has no continent reserve
2023-09-12 23:23:54,719 - playerCinza - INFO - Reserva: 3 - Territorio: Territory.CHINA - Fortificar: 1
2023-09-12 23:23:54,719 - playerCinza - INFO - Reserva: 2 - Territorio: Territory.LABRADOR - Fortificar: 1
2023-09-12 23:23:54,719 - playerCinza - INFO - Reserva: 1 - Territorio: Territory.BORNEU - Fortificar: 1
2023-09-12 23:23:54,720 - playerCinza - INFO - performance perform_fortify 2.5 ms
2023-09-12 23:23:54,720 - playerCinza - INFO - performing action vector len 47
2023-09-12 23:23:54,725 - playerCinza - INFO - retorno perform_action_vector None
2023-09-12 23:25:14,607 - playerCinza - INFO - doig step for game turn 2 - round 1 - Current phase 1
2023-09-12 23:25:14,609 - playerCinza - INFO - Fortificar aleatoriamente: 
2023-09-12 23:25:14,609 - playerCinza - INFO - Fortificar aleatoriamente: 
2023-09-12 23:25:14,609 - playerCinza - INFO - random fortify player CINZA (5) - reserve 3
2023-09-12 23:25:14,609 - playerCinza - INFO - player CINZA (5) has no continent reserve
2023-09-12 23:25:14,610 - playerCinza - INFO - Reserva: 3 - Territorio: Territory.OMSK - Fortificar: 1
2023-09-12 23:25:14,610 - playerCinza - INFO - Reserva: 2 - Territorio: Territory.VIETNA - Fortificar: 1
2023-09-12 23:25:14,610 - playerCinza - INFO - Reserva: 1 - Territorio: Territory.SUECIA - Fortificar: 1
2023-09-12 23:25:14,610 - playerCinza - INFO - performance perform_fortify 1.5 ms
2023-09-12 23:25:14,611 - playerCinza - INFO - performing action vector len 47
2023-09-12 23:25:14,613 - playerCinza - INFO - retorno perform_action_vector None
