2023-09-12 23:23:55,341 - playerAzul - INFO - doig step for game turn 6 - round 1 - Current phase 1
2023-09-12 23:23:55,343 - playerAzul - INFO - Fortificar aleatoriamente: 
2023-09-12 23:23:55,343 - playerAzul - INFO - Fortificar aleatoriamente: 
2023-09-12 23:23:55,344 - playerAzul - INFO - random fortify player AZUL (0) - reserve 3
2023-09-12 23:23:55,344 - playerAzul - INFO - player AZUL (0) has 3 reserve
2023-09-12 23:23:55,345 - playerAzul - INFO - #### SMART FORTIFY ####
2023-09-12 23:23:55,345 - playerAzul - INFO - Smart 3 - Reserva: 3 - Territorio: Territory.SUDAO - Fortificar: 3
2023-09-12 23:23:55,345 - playerAzul - INFO - entrou break reserve for smart fortify
2023-09-12 23:23:55,346 - playerAzul - INFO - entrou break reserve for smart fortify 2
2023-09-12 23:23:55,346 - playerAzul - INFO - performance perform_fortify 3.0 ms
2023-09-12 23:23:55,347 - playerAzul - INFO - performing action vector len 47
2023-09-12 23:23:55,349 - playerAzul - INFO - retorno perform_action_vector None
2023-09-12 23:25:15,374 - playerAzul - INFO - doig step for game turn 3 - round 1 - Current phase 1
2023-09-12 23:25:15,376 - playerAzul - INFO - Fortificar aleatoriamente: 
2023-09-12 23:25:15,376 - playerAzul - INFO - Fortificar aleatoriamente: 
2023-09-12 23:25:15,376 - playerAzul - INFO - random fortify player AZUL (0) - reserve 3
2023-09-12 23:25:15,376 - playerAzul - INFO - player AZUL (0) has 3 reserve
2023-09-12 23:25:15,377 - playerAzul - INFO - #### SMART FORTIFY ####
2023-09-12 23:25:15,377 - playerAzul - INFO - Smart 3 - Reserva: 3 - Territorio: Territory.VANCOUVER - Fortificar: 3
2023-09-12 23:25:15,377 - playerAzul - INFO - entrou break reserve for smart fortify
2023-09-12 23:25:15,378 - playerAzul - INFO - entrou break reserve for smart fortify 2
2023-09-12 23:25:15,378 - playerAzul - INFO - performance perform_fortify 2.0 ms
2023-09-12 23:25:15,378 - playerAzul - INFO - performing action vector len 47
2023-09-12 23:25:15,380 - playerAzul - INFO - retorno perform_action_vector None
